[2024-03-18 01:01:35,363: INFO: main: Welcome to our custom logging]
[2024-03-18 02:00:34,384: INFO: common: yaml file config/config.yaml loaded successfully]
[2024-03-18 02:00:34,389: INFO: common: yaml file params.yaml loaded successfully]
[2024-03-18 02:00:55,043: INFO: common: yaml file config/config.yaml loaded successfully]
[2024-03-18 02:00:55,045: INFO: common: yaml file params.yaml loaded successfully]
[2024-03-18 02:00:57,520: INFO: common: yaml file config/config.yaml loaded successfully]
[2024-03-18 02:00:57,522: INFO: common: yaml file params.yaml loaded successfully]
[2024-03-18 02:01:45,693: INFO: common: yaml file config/config.yaml loaded successfully]
[2024-03-18 02:01:45,697: INFO: common: yaml file params.yaml loaded successfully]
[2024-03-18 02:01:45,699: INFO: common: yaml file schema.yaml loaded successfully]
[2024-03-18 02:01:45,703: INFO: common: created directory at: artifacts]
[2024-03-18 02:06:10,420: INFO: common: yaml file config/config.yaml loaded successfully]
[2024-03-18 02:06:10,421: INFO: common: yaml file params.yaml loaded successfully]
[2024-03-18 02:06:10,422: INFO: common: yaml file schema.yaml loaded successfully]
[2024-03-18 02:06:10,423: INFO: common: created directory at: artifacts]
[2024-03-18 02:06:10,424: INFO: common: created directory at: artifacts/data_ingestion]
[2024-03-18 02:06:10,888: INFO: 10630540: artifacts/data_ingestion/data.zip download! with following info: 
Connection: close
Content-Length: 23329
Cache-Control: max-age=300
Content-Security-Policy: default-src 'none'; style-src 'unsafe-inline'; sandbox
Content-Type: application/zip
ETag: "c69888a4ae59bc5a893392785a938ccd4937981c06ba8a9d6a21aa52b4ab5b6e"
Strict-Transport-Security: max-age=31536000
X-Content-Type-Options: nosniff
X-Frame-Options: deny
X-XSS-Protection: 1; mode=block
X-GitHub-Request-Id: C0CA:7DDD:569388:69F486:65F7F4E7
Accept-Ranges: bytes
Date: Mon, 18 Mar 2024 08:06:10 GMT
Via: 1.1 varnish
X-Served-By: cache-dfw-kdfw8210076-DFW
X-Cache: HIT
X-Cache-Hits: 1
X-Timer: S1710749171.937529,VS0,VE1
Vary: Authorization,Accept-Encoding,Origin
Access-Control-Allow-Origin: *
Cross-Origin-Resource-Policy: cross-origin
X-Fastly-Request-ID: 7f30ad0d9c63d74a1f26921176d390c7ca8f01ac
Expires: Mon, 18 Mar 2024 08:11:10 GMT
Source-Age: 265

]
[2024-03-18 02:24:58,600: INFO: main: >>>>>> stage Data Ingestion Stage started <<<<<<]
[2024-03-18 02:24:58,601: INFO: common: yaml file config/config.yaml loaded successfully]
[2024-03-18 02:24:58,601: INFO: common: yaml file params.yaml loaded successfully]
[2024-03-18 02:24:58,602: INFO: common: yaml file schema.yaml loaded successfully]
[2024-03-18 02:24:58,602: INFO: common: created directory at: artifacts]
[2024-03-18 02:24:58,602: INFO: common: created directory at: artifacts/data_ingestion]
[2024-03-18 02:24:58,602: INFO: data_ingestion: file already exists of size: ~ 23 KB]
[2024-03-18 02:24:58,603: INFO: main: >>>>>> stage Data Ingestion Stage completed <<<<<<]
[2024-03-18 02:25:18,564: INFO: main: >>>>>> stage Data Ingestion Stage started <<<<<<]
[2024-03-18 02:25:18,565: INFO: common: yaml file config/config.yaml loaded successfully]
[2024-03-18 02:25:18,565: INFO: common: yaml file params.yaml loaded successfully]
[2024-03-18 02:25:18,565: INFO: common: yaml file schema.yaml loaded successfully]
[2024-03-18 02:25:18,566: INFO: common: created directory at: artifacts]
[2024-03-18 02:25:18,566: INFO: common: created directory at: artifacts/data_ingestion]
[2024-03-18 02:25:19,176: INFO: data_ingestion: artifacts/data_ingestion/data.zip download! with following info: 
Connection: close
Content-Length: 23329
Cache-Control: max-age=300
Content-Security-Policy: default-src 'none'; style-src 'unsafe-inline'; sandbox
Content-Type: application/zip
ETag: "c69888a4ae59bc5a893392785a938ccd4937981c06ba8a9d6a21aa52b4ab5b6e"
Strict-Transport-Security: max-age=31536000
X-Content-Type-Options: nosniff
X-Frame-Options: deny
X-XSS-Protection: 1; mode=block
X-GitHub-Request-Id: C0CA:7DDD:569388:69F486:65F7F4E7
Accept-Ranges: bytes
Date: Mon, 18 Mar 2024 08:25:19 GMT
Via: 1.1 varnish
X-Served-By: cache-dfw-kdfw8210110-DFW
X-Cache: HIT
X-Cache-Hits: 1
X-Timer: S1710750319.145433,VS0,VE89
Vary: Authorization,Accept-Encoding,Origin
Access-Control-Allow-Origin: *
Cross-Origin-Resource-Policy: cross-origin
X-Fastly-Request-ID: 181f3c92640729da4ff742bcd9cc80d9c82a7854
Expires: Mon, 18 Mar 2024 08:30:19 GMT
Source-Age: 0

]
[2024-03-18 02:25:19,180: INFO: main: >>>>>> stage Data Ingestion Stage completed <<<<<<]
[2024-03-18 02:45:35,560: INFO: common: yaml file config/config.yaml loaded successfully]
[2024-03-18 02:45:35,570: INFO: common: yaml file params.yaml loaded successfully]
[2024-03-18 02:45:35,574: INFO: common: yaml file schema.yaml loaded successfully]
[2024-03-18 02:45:35,577: INFO: common: created directory at: artifacts]
[2024-03-18 02:45:35,580: INFO: common: created directory at: artifacts/data_validation]
[2024-03-18 02:53:15,358: INFO: main: >>>>>> stage Data Ingestion Stage started <<<<<<]
[2024-03-18 02:53:15,359: INFO: common: yaml file config/config.yaml loaded successfully]
[2024-03-18 02:53:15,360: INFO: common: yaml file params.yaml loaded successfully]
[2024-03-18 02:53:15,361: INFO: common: yaml file schema.yaml loaded successfully]
[2024-03-18 02:53:15,361: INFO: common: created directory at: artifacts]
[2024-03-18 02:53:15,361: INFO: common: created directory at: artifacts/data_ingestion]
[2024-03-18 02:53:15,361: INFO: data_ingestion: file already exists of size: ~ 23 KB]
[2024-03-18 02:53:15,363: INFO: main: >>>>>> stage Data Ingestion Stage completed <<<<<<]
[2024-03-18 02:53:15,363: INFO: main: >>>>>> stage Data Validation Stage started <<<<<<]
[2024-03-18 02:53:15,363: INFO: common: yaml file config/config.yaml loaded successfully]
[2024-03-18 02:53:15,363: INFO: common: yaml file params.yaml loaded successfully]
[2024-03-18 02:53:15,364: INFO: common: yaml file schema.yaml loaded successfully]
[2024-03-18 02:53:15,364: INFO: common: created directory at: artifacts]
[2024-03-18 02:53:15,364: INFO: common: created directory at: artifacts/data_validation]
[2024-03-18 02:53:15,366: INFO: main: >>>>>> stage Data Validation Stage completed <<<<<<]
[2024-03-18 03:07:36,411: INFO: common: yaml file config/config.yaml loaded successfully]
[2024-03-18 03:07:36,418: INFO: common: yaml file params.yaml loaded successfully]
[2024-03-18 03:07:36,420: INFO: common: yaml file schema.yaml loaded successfully]
[2024-03-18 03:07:36,423: INFO: common: created directory at: artifacts]
[2024-03-18 03:07:51,024: INFO: common: yaml file config/config.yaml loaded successfully]
[2024-03-18 03:07:51,026: INFO: common: yaml file params.yaml loaded successfully]
[2024-03-18 03:07:51,027: INFO: common: yaml file schema.yaml loaded successfully]
[2024-03-18 03:07:51,027: INFO: common: created directory at: artifacts]
[2024-03-18 03:07:51,028: INFO: common: created directory at: artifacts/data_transformation]
[2024-03-18 03:08:12,259: INFO: common: yaml file config/config.yaml loaded successfully]
[2024-03-18 03:08:12,260: INFO: common: yaml file params.yaml loaded successfully]
[2024-03-18 03:08:12,261: INFO: common: yaml file schema.yaml loaded successfully]
[2024-03-18 03:08:12,261: INFO: common: created directory at: artifacts]
[2024-03-18 03:08:12,262: INFO: common: created directory at: artifacts/data_transformation]
[2024-03-18 03:08:20,621: INFO: common: yaml file config/config.yaml loaded successfully]
[2024-03-18 03:08:20,622: INFO: common: yaml file params.yaml loaded successfully]
[2024-03-18 03:08:20,624: INFO: common: yaml file schema.yaml loaded successfully]
[2024-03-18 03:08:20,625: INFO: common: created directory at: artifacts]
[2024-03-18 03:08:20,626: INFO: common: created directory at: artifacts/data_transformation]
[2024-03-18 03:08:24,961: INFO: common: yaml file config/config.yaml loaded successfully]
[2024-03-18 03:08:24,963: INFO: common: yaml file params.yaml loaded successfully]
[2024-03-18 03:08:24,964: INFO: common: yaml file schema.yaml loaded successfully]
[2024-03-18 03:08:24,965: INFO: common: created directory at: artifacts]
[2024-03-18 03:08:24,966: INFO: common: created directory at: artifacts/data_transformation]
[2024-03-18 03:08:25,029: INFO: 1092408839: Splited data into training and test sets]
[2024-03-18 03:08:25,029: INFO: 1092408839: (1199, 12)]
[2024-03-18 03:08:25,030: INFO: 1092408839: (400, 12)]
[2024-03-18 03:14:33,930: INFO: main: >>>>>> stage Data Ingestion Stage started <<<<<<]
[2024-03-18 03:14:33,931: INFO: common: yaml file config/config.yaml loaded successfully]
[2024-03-18 03:14:33,931: INFO: common: yaml file params.yaml loaded successfully]
[2024-03-18 03:14:33,932: INFO: common: yaml file schema.yaml loaded successfully]
[2024-03-18 03:14:33,932: INFO: common: created directory at: artifacts]
[2024-03-18 03:14:33,932: INFO: common: created directory at: artifacts/data_ingestion]
[2024-03-18 03:14:34,616: INFO: data_ingestion: artifacts/data_ingestion/data.zip download! with following info: 
Connection: close
Content-Length: 23329
Cache-Control: max-age=300
Content-Security-Policy: default-src 'none'; style-src 'unsafe-inline'; sandbox
Content-Type: application/zip
ETag: "c69888a4ae59bc5a893392785a938ccd4937981c06ba8a9d6a21aa52b4ab5b6e"
Strict-Transport-Security: max-age=31536000
X-Content-Type-Options: nosniff
X-Frame-Options: deny
X-XSS-Protection: 1; mode=block
X-GitHub-Request-Id: C0CA:7DDD:569388:69F486:65F7F4E7
Accept-Ranges: bytes
Date: Mon, 18 Mar 2024 09:14:34 GMT
Via: 1.1 varnish
X-Served-By: cache-dfw-kdfw8210118-DFW
X-Cache: HIT
X-Cache-Hits: 1
X-Timer: S1710753275.633887,VS0,VE93
Vary: Authorization,Accept-Encoding,Origin
Access-Control-Allow-Origin: *
Cross-Origin-Resource-Policy: cross-origin
X-Fastly-Request-ID: ee5c6e119304a27c463062631f1d1114b0f38a54
Expires: Mon, 18 Mar 2024 09:19:34 GMT
Source-Age: 0

]
[2024-03-18 03:14:34,618: INFO: main: >>>>>> stage Data Ingestion Stage completed <<<<<<]
[2024-03-18 03:14:34,618: INFO: main: >>>>>> stage Data Validation Stage started <<<<<<]
[2024-03-18 03:14:34,619: INFO: common: yaml file config/config.yaml loaded successfully]
[2024-03-18 03:14:34,619: INFO: common: yaml file params.yaml loaded successfully]
[2024-03-18 03:14:34,620: INFO: common: yaml file schema.yaml loaded successfully]
[2024-03-18 03:14:34,620: INFO: common: created directory at: artifacts]
[2024-03-18 03:14:34,620: INFO: common: created directory at: artifacts/data_validation]
[2024-03-18 03:14:34,624: INFO: main: >>>>>> stage Data Validation Stage completed <<<<<<]
[2024-03-18 03:14:34,624: INFO: main: >>>>>> stage Data Transformation Stage started <<<<<<]
[2024-03-18 03:14:34,625: INFO: common: yaml file config/config.yaml loaded successfully]
[2024-03-18 03:14:34,626: INFO: common: yaml file params.yaml loaded successfully]
[2024-03-18 03:14:34,626: INFO: common: yaml file schema.yaml loaded successfully]
[2024-03-18 03:14:34,627: INFO: common: created directory at: artifacts]
[2024-03-18 03:14:34,627: ERROR: main: 'ConfigurationManager' object has no attribute 'get_data_transformationconfig']
Traceback (most recent call last):
  File "/Users/emanuelfitta/Documents/learning/mlops_project/end-to-end-mlops/main.py", line 34, in <module>
    obj.main()
  File "/Users/emanuelfitta/Documents/learning/mlops_project/end-to-end-mlops/src/mlProject/pipeline/stage_03_data_transformation.py", line 15, in main
    data_transformation_config = config.get_data_transformationconfig()
                                 ^^^^^^^^^^^^^^^^^^^^^^^^^^^^^^^^^^^^
AttributeError: 'ConfigurationManager' object has no attribute 'get_data_transformationconfig'
[2024-03-18 03:14:57,524: INFO: main: >>>>>> stage Data Ingestion Stage started <<<<<<]
[2024-03-18 03:14:57,525: INFO: common: yaml file config/config.yaml loaded successfully]
[2024-03-18 03:14:57,525: INFO: common: yaml file params.yaml loaded successfully]
[2024-03-18 03:14:57,526: INFO: common: yaml file schema.yaml loaded successfully]
[2024-03-18 03:14:57,526: INFO: common: created directory at: artifacts]
[2024-03-18 03:14:57,526: INFO: common: created directory at: artifacts/data_ingestion]
[2024-03-18 03:14:57,526: INFO: data_ingestion: file already exists of size: ~ 23 KB]
[2024-03-18 03:14:57,528: INFO: main: >>>>>> stage Data Ingestion Stage completed <<<<<<]
[2024-03-18 03:14:57,528: INFO: main: >>>>>> stage Data Validation Stage started <<<<<<]
[2024-03-18 03:14:57,528: INFO: common: yaml file config/config.yaml loaded successfully]
[2024-03-18 03:14:57,528: INFO: common: yaml file params.yaml loaded successfully]
[2024-03-18 03:14:57,529: INFO: common: yaml file schema.yaml loaded successfully]
[2024-03-18 03:14:57,529: INFO: common: created directory at: artifacts]
[2024-03-18 03:14:57,529: INFO: common: created directory at: artifacts/data_validation]
[2024-03-18 03:14:57,533: INFO: main: >>>>>> stage Data Validation Stage completed <<<<<<]
[2024-03-18 03:14:57,533: INFO: main: >>>>>> stage Data Transformation Stage started <<<<<<]
[2024-03-18 03:14:57,534: INFO: common: yaml file config/config.yaml loaded successfully]
[2024-03-18 03:14:57,534: INFO: common: yaml file params.yaml loaded successfully]
[2024-03-18 03:14:57,535: INFO: common: yaml file schema.yaml loaded successfully]
[2024-03-18 03:14:57,535: INFO: common: created directory at: artifacts]
[2024-03-18 03:14:57,535: INFO: common: created directory at: artifacts/data_transformation]
[2024-03-18 03:14:57,542: INFO: data_transformation: Splited data into training and test sets]
[2024-03-18 03:14:57,542: INFO: data_transformation: (1199, 12)]
[2024-03-18 03:14:57,542: INFO: data_transformation: (400, 12)]
[2024-03-18 03:14:57,542: INFO: main: >>>>>> stage Data Transformation Stage completed <<<<<<]
[2024-03-18 03:31:17,226: INFO: common: yaml file config/config.yaml loaded successfully]
[2024-03-18 03:31:17,238: INFO: common: yaml file params.yaml loaded successfully]
[2024-03-18 03:31:17,240: INFO: common: yaml file schema.yaml loaded successfully]
[2024-03-18 03:31:17,242: INFO: common: created directory at: artifacts]
[2024-03-18 03:31:32,421: INFO: common: yaml file config/config.yaml loaded successfully]
[2024-03-18 03:31:32,423: INFO: common: yaml file params.yaml loaded successfully]
[2024-03-18 03:31:32,424: INFO: common: yaml file schema.yaml loaded successfully]
[2024-03-18 03:31:32,425: INFO: common: created directory at: artifacts]
[2024-03-18 03:31:32,426: INFO: common: created directory at: artifacts/model_trainer]
[2024-03-18 03:38:22,708: INFO: main: >>>>>> stage Data Ingestion Stage started <<<<<<]
[2024-03-18 03:38:22,709: INFO: common: yaml file config/config.yaml loaded successfully]
[2024-03-18 03:38:22,710: INFO: common: yaml file params.yaml loaded successfully]
[2024-03-18 03:38:22,710: INFO: common: yaml file schema.yaml loaded successfully]
[2024-03-18 03:38:22,710: INFO: common: created directory at: artifacts]
[2024-03-18 03:38:22,710: INFO: common: created directory at: artifacts/data_ingestion]
[2024-03-18 03:38:22,710: INFO: data_ingestion: file already exists of size: ~ 23 KB]
[2024-03-18 03:38:22,712: INFO: main: >>>>>> stage Data Ingestion Stage completed <<<<<<]
[2024-03-18 03:38:22,712: INFO: main: >>>>>> stage Data Validation Stage started <<<<<<]
[2024-03-18 03:38:22,713: INFO: common: yaml file config/config.yaml loaded successfully]
[2024-03-18 03:38:22,713: INFO: common: yaml file params.yaml loaded successfully]
[2024-03-18 03:38:22,713: INFO: common: yaml file schema.yaml loaded successfully]
[2024-03-18 03:38:22,714: INFO: common: created directory at: artifacts]
[2024-03-18 03:38:22,714: INFO: common: created directory at: artifacts/data_validation]
[2024-03-18 03:38:22,716: INFO: main: >>>>>> stage Data Validation Stage completed <<<<<<]
[2024-03-18 03:38:22,716: INFO: main: >>>>>> stage Data Transformation Stage started <<<<<<]
[2024-03-18 03:38:22,717: INFO: common: yaml file config/config.yaml loaded successfully]
[2024-03-18 03:38:22,717: INFO: common: yaml file params.yaml loaded successfully]
[2024-03-18 03:38:22,718: INFO: common: yaml file schema.yaml loaded successfully]
[2024-03-18 03:38:22,718: INFO: common: created directory at: artifacts]
[2024-03-18 03:38:22,718: INFO: common: created directory at: artifacts/data_transformation]
[2024-03-18 03:38:22,726: INFO: data_transformation: Splited data into training and test sets]
[2024-03-18 03:38:22,727: INFO: data_transformation: (1199, 12)]
[2024-03-18 03:38:22,727: INFO: data_transformation: (400, 12)]
[2024-03-18 03:38:22,727: INFO: main: >>>>>> stage Data Transformation Stage completed <<<<<<]
[2024-03-18 03:38:22,727: INFO: main: >>>>>> stage Data Trainer Stage started <<<<<<]
[2024-03-18 03:38:22,727: INFO: common: yaml file config/config.yaml loaded successfully]
[2024-03-18 03:38:22,727: INFO: common: yaml file params.yaml loaded successfully]
[2024-03-18 03:38:22,728: INFO: common: yaml file schema.yaml loaded successfully]
[2024-03-18 03:38:22,728: INFO: common: created directory at: artifacts]
[2024-03-18 03:38:22,728: INFO: common: created directory at: artifacts/data_transformation]
[2024-03-18 03:38:22,728: ERROR: main: ModelTrainerConfig.__init__() got an unexpected keyword argument 'config']
Traceback (most recent call last):
  File "/Users/emanuelfitta/Documents/learning/mlops_project/end-to-end-mlops/main.py", line 46, in <module>
    obj.main()
  File "/Users/emanuelfitta/Documents/learning/mlops_project/end-to-end-mlops/src/mlProject/pipeline/stage_04_data_trainer.py", line 16, in main
    data_trainer = ModelTrainerConfig(config=data_trainer_config)  # noqa: E501
                   ^^^^^^^^^^^^^^^^^^^^^^^^^^^^^^^^^^^^^^^^^^^^^^
TypeError: ModelTrainerConfig.__init__() got an unexpected keyword argument 'config'
[2024-03-18 03:39:40,959: INFO: main: >>>>>> stage Data Ingestion Stage started <<<<<<]
[2024-03-18 03:39:40,960: INFO: common: yaml file config/config.yaml loaded successfully]
[2024-03-18 03:39:40,960: INFO: common: yaml file params.yaml loaded successfully]
[2024-03-18 03:39:40,961: INFO: common: yaml file schema.yaml loaded successfully]
[2024-03-18 03:39:40,961: INFO: common: created directory at: artifacts]
[2024-03-18 03:39:40,961: INFO: common: created directory at: artifacts/data_ingestion]
[2024-03-18 03:39:40,961: INFO: data_ingestion: file already exists of size: ~ 23 KB]
[2024-03-18 03:39:40,962: INFO: main: >>>>>> stage Data Ingestion Stage completed <<<<<<]
[2024-03-18 03:39:40,962: INFO: main: >>>>>> stage Data Validation Stage started <<<<<<]
[2024-03-18 03:39:40,963: INFO: common: yaml file config/config.yaml loaded successfully]
[2024-03-18 03:39:40,963: INFO: common: yaml file params.yaml loaded successfully]
[2024-03-18 03:39:40,964: INFO: common: yaml file schema.yaml loaded successfully]
[2024-03-18 03:39:40,964: INFO: common: created directory at: artifacts]
[2024-03-18 03:39:40,964: INFO: common: created directory at: artifacts/data_validation]
[2024-03-18 03:39:40,966: INFO: main: >>>>>> stage Data Validation Stage completed <<<<<<]
[2024-03-18 03:39:40,966: INFO: main: >>>>>> stage Data Transformation Stage started <<<<<<]
[2024-03-18 03:39:40,967: INFO: common: yaml file config/config.yaml loaded successfully]
[2024-03-18 03:39:40,967: INFO: common: yaml file params.yaml loaded successfully]
[2024-03-18 03:39:40,967: INFO: common: yaml file schema.yaml loaded successfully]
[2024-03-18 03:39:40,968: INFO: common: created directory at: artifacts]
[2024-03-18 03:39:40,968: INFO: common: created directory at: artifacts/data_transformation]
[2024-03-18 03:39:40,975: INFO: data_transformation: Splited data into training and test sets]
[2024-03-18 03:39:40,975: INFO: data_transformation: (1199, 12)]
[2024-03-18 03:39:40,975: INFO: data_transformation: (400, 12)]
[2024-03-18 03:39:40,975: INFO: main: >>>>>> stage Data Transformation Stage completed <<<<<<]
[2024-03-18 03:39:40,975: INFO: main: >>>>>> stage Data Trainer Stage started <<<<<<]
[2024-03-18 03:39:40,975: INFO: common: yaml file config/config.yaml loaded successfully]
[2024-03-18 03:39:40,976: INFO: common: yaml file params.yaml loaded successfully]
[2024-03-18 03:39:40,976: INFO: common: yaml file schema.yaml loaded successfully]
[2024-03-18 03:39:40,976: INFO: common: created directory at: artifacts]
[2024-03-18 03:39:40,976: INFO: common: created directory at: artifacts/model_trainer]
[2024-03-18 03:39:40,976: ERROR: main: ModelTrainerConfig.__init__() got an unexpected keyword argument 'config']
Traceback (most recent call last):
  File "/Users/emanuelfitta/Documents/learning/mlops_project/end-to-end-mlops/main.py", line 46, in <module>
    obj.main()
  File "/Users/emanuelfitta/Documents/learning/mlops_project/end-to-end-mlops/src/mlProject/pipeline/stage_04_data_trainer.py", line 16, in main
    data_trainer = ModelTrainerConfig(config=data_trainer_config)  # noqa: E501
                   ^^^^^^^^^^^^^^^^^^^^^^^^^^^^^^^^^^^^^^^^^^^^^^
TypeError: ModelTrainerConfig.__init__() got an unexpected keyword argument 'config'
[2024-03-18 03:41:43,068: INFO: main: >>>>>> stage Data Ingestion Stage started <<<<<<]
[2024-03-18 03:41:43,069: INFO: common: yaml file config/config.yaml loaded successfully]
[2024-03-18 03:41:43,070: INFO: common: yaml file params.yaml loaded successfully]
[2024-03-18 03:41:43,070: INFO: common: yaml file schema.yaml loaded successfully]
[2024-03-18 03:41:43,070: INFO: common: created directory at: artifacts]
[2024-03-18 03:41:43,070: INFO: common: created directory at: artifacts/data_ingestion]
[2024-03-18 03:41:43,070: INFO: data_ingestion: file already exists of size: ~ 23 KB]
[2024-03-18 03:41:43,072: INFO: main: >>>>>> stage Data Ingestion Stage completed <<<<<<]
[2024-03-18 03:41:43,072: INFO: main: >>>>>> stage Data Validation Stage started <<<<<<]
[2024-03-18 03:41:43,072: INFO: common: yaml file config/config.yaml loaded successfully]
[2024-03-18 03:41:43,073: INFO: common: yaml file params.yaml loaded successfully]
[2024-03-18 03:41:43,073: INFO: common: yaml file schema.yaml loaded successfully]
[2024-03-18 03:41:43,073: INFO: common: created directory at: artifacts]
[2024-03-18 03:41:43,073: INFO: common: created directory at: artifacts/data_validation]
[2024-03-18 03:41:43,076: INFO: main: >>>>>> stage Data Validation Stage completed <<<<<<]
[2024-03-18 03:41:43,076: INFO: main: >>>>>> stage Data Transformation Stage started <<<<<<]
[2024-03-18 03:41:43,076: INFO: common: yaml file config/config.yaml loaded successfully]
[2024-03-18 03:41:43,077: INFO: common: yaml file params.yaml loaded successfully]
[2024-03-18 03:41:43,077: INFO: common: yaml file schema.yaml loaded successfully]
[2024-03-18 03:41:43,077: INFO: common: created directory at: artifacts]
[2024-03-18 03:41:43,077: INFO: common: created directory at: artifacts/data_transformation]
[2024-03-18 03:41:43,085: INFO: data_transformation: Splited data into training and test sets]
[2024-03-18 03:41:43,085: INFO: data_transformation: (1199, 12)]
[2024-03-18 03:41:43,085: INFO: data_transformation: (400, 12)]
[2024-03-18 03:41:43,085: INFO: main: >>>>>> stage Data Transformation Stage completed <<<<<<]
[2024-03-18 03:41:43,085: INFO: main: >>>>>> stage Data Trainer Stage started <<<<<<]
[2024-03-18 03:41:43,086: INFO: common: yaml file config/config.yaml loaded successfully]
[2024-03-18 03:41:43,086: INFO: common: yaml file params.yaml loaded successfully]
[2024-03-18 03:41:43,087: INFO: common: yaml file schema.yaml loaded successfully]
[2024-03-18 03:41:43,087: INFO: common: created directory at: artifacts]
[2024-03-18 03:41:43,087: INFO: common: created directory at: artifacts/model_trainer]
[2024-03-18 03:41:43,087: ERROR: main: 'ModelTrainer' object has no attribute 'train_test_spliting']
Traceback (most recent call last):
  File "/Users/emanuelfitta/Documents/learning/mlops_project/end-to-end-mlops/main.py", line 46, in <module>
    obj.main()
  File "/Users/emanuelfitta/Documents/learning/mlops_project/end-to-end-mlops/src/mlProject/pipeline/stage_04_data_trainer.py", line 17, in main
    data_trainer.train_test_spliting()
    ^^^^^^^^^^^^^^^^^^^^^^^^^^^^^^^^
AttributeError: 'ModelTrainer' object has no attribute 'train_test_spliting'
[2024-03-18 03:43:05,663: INFO: main: >>>>>> stage Data Ingestion Stage started <<<<<<]
[2024-03-18 03:43:05,664: INFO: common: yaml file config/config.yaml loaded successfully]
[2024-03-18 03:43:05,665: INFO: common: yaml file params.yaml loaded successfully]
[2024-03-18 03:43:05,665: INFO: common: yaml file schema.yaml loaded successfully]
[2024-03-18 03:43:05,665: INFO: common: created directory at: artifacts]
[2024-03-18 03:43:05,665: INFO: common: created directory at: artifacts/data_ingestion]
[2024-03-18 03:43:05,666: INFO: data_ingestion: file already exists of size: ~ 23 KB]
[2024-03-18 03:43:05,667: INFO: main: >>>>>> stage Data Ingestion Stage completed <<<<<<]
[2024-03-18 03:43:05,667: INFO: main: >>>>>> stage Data Validation Stage started <<<<<<]
[2024-03-18 03:43:05,667: INFO: common: yaml file config/config.yaml loaded successfully]
[2024-03-18 03:43:05,668: INFO: common: yaml file params.yaml loaded successfully]
[2024-03-18 03:43:05,668: INFO: common: yaml file schema.yaml loaded successfully]
[2024-03-18 03:43:05,668: INFO: common: created directory at: artifacts]
[2024-03-18 03:43:05,668: INFO: common: created directory at: artifacts/data_validation]
[2024-03-18 03:43:05,671: INFO: main: >>>>>> stage Data Validation Stage completed <<<<<<]
[2024-03-18 03:43:05,671: INFO: main: >>>>>> stage Data Transformation Stage started <<<<<<]
[2024-03-18 03:43:05,671: INFO: common: yaml file config/config.yaml loaded successfully]
[2024-03-18 03:43:05,672: INFO: common: yaml file params.yaml loaded successfully]
[2024-03-18 03:43:05,672: INFO: common: yaml file schema.yaml loaded successfully]
[2024-03-18 03:43:05,672: INFO: common: created directory at: artifacts]
[2024-03-18 03:43:05,672: INFO: common: created directory at: artifacts/data_transformation]
[2024-03-18 03:43:05,679: INFO: data_transformation: Splited data into training and test sets]
[2024-03-18 03:43:05,679: INFO: data_transformation: (1199, 12)]
[2024-03-18 03:43:05,679: INFO: data_transformation: (400, 12)]
[2024-03-18 03:43:05,680: INFO: main: >>>>>> stage Data Transformation Stage completed <<<<<<]
[2024-03-18 03:43:05,680: INFO: main: >>>>>> stage Data Trainer Stage started <<<<<<]
[2024-03-18 03:43:05,680: INFO: common: yaml file config/config.yaml loaded successfully]
[2024-03-18 03:43:05,680: INFO: common: yaml file params.yaml loaded successfully]
[2024-03-18 03:43:05,681: INFO: common: yaml file schema.yaml loaded successfully]
[2024-03-18 03:43:05,681: INFO: common: created directory at: artifacts]
[2024-03-18 03:43:05,681: INFO: common: created directory at: artifacts/model_trainer]
[2024-03-18 03:43:05,686: INFO: main: >>>>>> stage Data Trainer Stage completed <<<<<<]
[2024-03-18 11:49:35,341: INFO: common: yaml file config/config.yaml loaded successfully]
[2024-03-18 11:49:35,347: INFO: common: yaml file params.yaml loaded successfully]
[2024-03-18 11:49:35,348: INFO: common: yaml file schema.yaml loaded successfully]
[2024-03-18 11:49:35,349: INFO: common: created directory at: artifacts]
[2024-03-18 11:49:35,350: INFO: common: created directory at: artifacts/model_evaluation]
[2024-03-18 11:50:34,997: INFO: common: yaml file config/config.yaml loaded successfully]
[2024-03-18 11:50:35,002: INFO: common: yaml file params.yaml loaded successfully]
[2024-03-18 11:50:35,005: INFO: common: yaml file schema.yaml loaded successfully]
[2024-03-18 11:50:35,007: INFO: common: created directory at: artifacts]
[2024-03-18 11:50:35,008: INFO: common: created directory at: artifacts/model_evaluation]
[2024-03-18 11:51:53,228: INFO: common: yaml file config/config.yaml loaded successfully]
[2024-03-18 11:51:53,230: INFO: common: yaml file params.yaml loaded successfully]
[2024-03-18 11:51:53,231: INFO: common: yaml file schema.yaml loaded successfully]
[2024-03-18 11:51:53,232: INFO: common: created directory at: artifacts]
[2024-03-18 11:51:53,234: INFO: common: created directory at: artifacts/model_evaluation]
[2024-03-18 11:52:40,395: INFO: common: yaml file config/config.yaml loaded successfully]
[2024-03-18 11:52:40,397: INFO: common: yaml file params.yaml loaded successfully]
[2024-03-18 11:52:40,399: INFO: common: yaml file schema.yaml loaded successfully]
[2024-03-18 11:52:40,399: INFO: common: created directory at: artifacts]
[2024-03-18 11:52:40,400: INFO: common: created directory at: artifacts/model_evaluation]
[2024-03-18 11:52:41,185: INFO: common: json file saved at: artifacts/model_evaluation/metrics.json]
[2024-03-18 11:55:57,982: INFO: common: yaml file config/config.yaml loaded successfully]
[2024-03-18 11:55:57,984: INFO: common: yaml file params.yaml loaded successfully]
[2024-03-18 11:55:57,985: INFO: common: yaml file schema.yaml loaded successfully]
[2024-03-18 11:55:57,986: INFO: common: created directory at: artifacts]
[2024-03-18 11:55:57,987: INFO: common: created directory at: artifacts/model_evaluation]
[2024-03-18 11:55:58,450: INFO: common: json file saved at: artifacts/model_evaluation/metrics.json]
[2024-03-18 12:03:21,263: INFO: main: >>>>>> stage Data Ingestion Stage started <<<<<<]
[2024-03-18 12:03:21,264: INFO: common: yaml file config/config.yaml loaded successfully]
[2024-03-18 12:03:21,264: INFO: common: yaml file params.yaml loaded successfully]
[2024-03-18 12:03:21,265: INFO: common: yaml file schema.yaml loaded successfully]
[2024-03-18 12:03:21,265: INFO: common: created directory at: artifacts]
[2024-03-18 12:03:21,265: INFO: common: created directory at: artifacts/data_ingestion]
[2024-03-18 12:03:21,265: INFO: data_ingestion: file already exists of size: ~ 23 KB]
[2024-03-18 12:03:21,267: INFO: main: >>>>>> stage Data Ingestion Stage completed <<<<<<]
[2024-03-18 12:03:21,267: INFO: main: >>>>>> stage Data Validation Stage started <<<<<<]
[2024-03-18 12:03:21,268: INFO: common: yaml file config/config.yaml loaded successfully]
[2024-03-18 12:03:21,268: INFO: common: yaml file params.yaml loaded successfully]
[2024-03-18 12:03:21,268: INFO: common: yaml file schema.yaml loaded successfully]
[2024-03-18 12:03:21,268: INFO: common: created directory at: artifacts]
[2024-03-18 12:03:21,268: INFO: common: created directory at: artifacts/data_validation]
[2024-03-18 12:03:21,272: INFO: main: >>>>>> stage Data Validation Stage completed <<<<<<]
[2024-03-18 12:03:21,272: INFO: main: >>>>>> stage Data Transformation Stage started <<<<<<]
[2024-03-18 12:03:21,272: INFO: common: yaml file config/config.yaml loaded successfully]
[2024-03-18 12:03:21,273: INFO: common: yaml file params.yaml loaded successfully]
[2024-03-18 12:03:21,273: INFO: common: yaml file schema.yaml loaded successfully]
[2024-03-18 12:03:21,273: INFO: common: created directory at: artifacts]
[2024-03-18 12:03:21,273: INFO: common: created directory at: artifacts/data_transformation]
[2024-03-18 12:03:21,282: INFO: data_transformation: Splited data into training and test sets]
[2024-03-18 12:03:21,282: INFO: data_transformation: (1199, 12)]
[2024-03-18 12:03:21,282: INFO: data_transformation: (400, 12)]
[2024-03-18 12:03:21,282: INFO: main: >>>>>> stage Data Transformation Stage completed <<<<<<]
[2024-03-18 12:03:21,282: INFO: main: >>>>>> stage Data Trainer Stage started <<<<<<]
[2024-03-18 12:03:21,283: INFO: common: yaml file config/config.yaml loaded successfully]
[2024-03-18 12:03:21,283: INFO: common: yaml file params.yaml loaded successfully]
[2024-03-18 12:03:21,284: INFO: common: yaml file schema.yaml loaded successfully]
[2024-03-18 12:03:21,284: INFO: common: created directory at: artifacts]
[2024-03-18 12:03:21,284: INFO: common: created directory at: artifacts/model_trainer]
[2024-03-18 12:03:21,301: INFO: main: >>>>>> stage Data Trainer Stage completed <<<<<<]
[2024-03-18 12:03:21,301: INFO: main: >>>>>> stage Model Evaluation Stage started <<<<<<]
[2024-03-18 12:03:21,301: INFO: common: yaml file config/config.yaml loaded successfully]
[2024-03-18 12:03:21,302: INFO: common: yaml file params.yaml loaded successfully]
[2024-03-18 12:03:21,302: INFO: common: yaml file schema.yaml loaded successfully]
[2024-03-18 12:03:21,302: INFO: common: created directory at: artifacts]
[2024-03-18 12:03:21,302: INFO: common: created directory at: artifacts/model_evaluation]
[2024-03-18 12:03:22,121: INFO: common: json file saved at: artifacts/model_evaluation/metrics.json]
[2024-03-18 12:03:27,615: INFO: main: >>>>>> stage Model Evaluation Stage completed <<<<<<]
[2024-03-18 12:31:50,464: INFO: _internal: [31m[1mWARNING: This is a development server. Do not use it in a production deployment. Use a production WSGI server instead.[0m
 * Running on all addresses (0.0.0.0)
 * Running on http://127.0.0.1:8080
 * Running on http://192.168.100.58:8080]
[2024-03-18 12:31:50,465: INFO: _internal: [33mPress CTRL+C to quit[0m]
[2024-03-18 12:31:50,465: INFO: _internal:  * Restarting with stat]
[2024-03-18 12:31:50,856: WARNING: _internal:  * Debugger is active!]
[2024-03-18 12:31:50,866: INFO: _internal:  * Debugger PIN: 110-333-117]
[2024-03-18 12:32:58,843: INFO: _internal: 127.0.0.1 - - [18/Mar/2024 12:32:58] "GET / HTTP/1.1" 200 -]
[2024-03-18 12:32:59,790: INFO: _internal: 127.0.0.1 - - [18/Mar/2024 12:32:59] "GET /static/css2/nunito-font.css HTTP/1.1" 200 -]
[2024-03-18 12:32:59,790: INFO: _internal: 127.0.0.1 - - [18/Mar/2024 12:32:59] "GET /static/js/scripts.js HTTP/1.1" 200 -]
[2024-03-18 12:32:59,790: INFO: _internal: 127.0.0.1 - - [18/Mar/2024 12:32:59] "GET /static/css2/style.css HTTP/1.1" 200 -]
[2024-03-18 12:32:59,790: INFO: _internal: 127.0.0.1 - - [18/Mar/2024 12:32:59] "GET /static/css/styles.css HTTP/1.1" 200 -]
[2024-03-18 12:33:00,398: INFO: _internal: 127.0.0.1 - - [18/Mar/2024 12:33:00] "[33mGET /static/assets/img/wine.jpg HTTP/1.1[0m" 404 -]
[2024-03-18 12:33:00,400: INFO: _internal: 127.0.0.1 - - [18/Mar/2024 12:33:00] "GET /static/assets/img/form-v9.jpg HTTP/1.1" 200 -]
[2024-03-18 12:33:01,124: INFO: _internal: 127.0.0.1 - - [18/Mar/2024 12:33:01] "[33mGET /static/fonts/Nunito/Nunito-Bold.ttf HTTP/1.1[0m" 404 -]
[2024-03-18 12:33:01,812: INFO: _internal: 127.0.0.1 - - [18/Mar/2024 12:33:01] "GET /static/assets/favicon.ico HTTP/1.1" 200 -]
[2024-03-18 12:34:30,351: INFO: _internal:  * Detected change in '/Users/emanuelfitta/Documents/learning/mlops_project/end-to-end-mlops/app.py', reloading]
[2024-03-18 12:34:30,461: INFO: _internal:  * Restarting with stat]
[2024-03-18 12:34:30,930: WARNING: _internal:  * Debugger is active!]
[2024-03-18 12:34:30,936: INFO: _internal:  * Debugger PIN: 110-333-117]
[2024-03-18 12:36:22,275: INFO: _internal:  * Detected change in '/Users/emanuelfitta/Documents/learning/mlops_project/end-to-end-mlops/app.py', reloading]
[2024-03-18 12:36:22,378: INFO: _internal:  * Restarting with stat]
[2024-03-18 12:36:22,983: WARNING: _internal:  * Debugger is active!]
[2024-03-18 12:36:22,990: INFO: _internal:  * Debugger PIN: 110-333-117]
[2024-03-18 12:36:34,231: INFO: _internal:  * Detected change in '/Users/emanuelfitta/Documents/learning/mlops_project/end-to-end-mlops/app.py', reloading]
[2024-03-18 12:36:34,291: INFO: _internal:  * Restarting with stat]
[2024-03-18 12:36:34,779: WARNING: _internal:  * Debugger is active!]
[2024-03-18 12:36:34,784: INFO: _internal:  * Debugger PIN: 110-333-117]
[2024-03-18 12:36:45,982: INFO: _internal:  * Detected change in '/Users/emanuelfitta/Documents/learning/mlops_project/end-to-end-mlops/app.py', reloading]
[2024-03-18 12:36:46,059: INFO: _internal:  * Restarting with stat]
[2024-03-18 12:36:46,424: WARNING: _internal:  * Debugger is active!]
[2024-03-18 12:36:46,429: INFO: _internal:  * Debugger PIN: 110-333-117]
[2024-03-18 12:37:11,850: INFO: _internal:  * Detected change in '/Users/emanuelfitta/Documents/learning/mlops_project/end-to-end-mlops/app.py', reloading]
[2024-03-18 12:37:11,934: INFO: _internal:  * Restarting with stat]
[2024-03-18 12:37:12,369: WARNING: _internal:  * Debugger is active!]
[2024-03-18 12:37:12,374: INFO: _internal:  * Debugger PIN: 110-333-117]
[2024-03-18 12:37:19,531: INFO: _internal:  * Detected change in '/Users/emanuelfitta/Documents/learning/mlops_project/end-to-end-mlops/app.py', reloading]
[2024-03-18 12:37:19,613: INFO: _internal:  * Restarting with stat]
[2024-03-18 12:37:19,972: WARNING: _internal:  * Debugger is active!]
[2024-03-18 12:37:19,977: INFO: _internal:  * Debugger PIN: 110-333-117]
[2024-03-18 12:37:23,047: INFO: _internal:  * Detected change in '/Users/emanuelfitta/Documents/learning/mlops_project/end-to-end-mlops/app.py', reloading]
[2024-03-18 12:37:23,114: INFO: _internal:  * Restarting with stat]
[2024-03-18 12:37:23,504: WARNING: _internal:  * Debugger is active!]
[2024-03-18 12:37:23,511: INFO: _internal:  * Debugger PIN: 110-333-117]
[2024-03-18 12:37:29,621: INFO: _internal:  * Detected change in '/Users/emanuelfitta/Documents/learning/mlops_project/end-to-end-mlops/app.py', reloading]
[2024-03-18 12:37:29,690: INFO: _internal:  * Restarting with stat]
[2024-03-18 12:37:30,068: WARNING: _internal:  * Debugger is active!]
[2024-03-18 12:37:30,072: INFO: _internal:  * Debugger PIN: 110-333-117]
[2024-03-18 12:37:36,261: INFO: _internal:  * Detected change in '/Users/emanuelfitta/Documents/learning/mlops_project/end-to-end-mlops/app.py', reloading]
[2024-03-18 12:37:36,328: INFO: _internal:  * Restarting with stat]
[2024-03-18 12:37:36,685: WARNING: _internal:  * Debugger is active!]
[2024-03-18 12:37:36,691: INFO: _internal:  * Debugger PIN: 110-333-117]
[2024-03-18 12:37:42,807: INFO: _internal:  * Detected change in '/Users/emanuelfitta/Documents/learning/mlops_project/end-to-end-mlops/app.py', reloading]
[2024-03-18 12:37:42,884: INFO: _internal:  * Restarting with stat]
[2024-03-18 12:37:43,284: WARNING: _internal:  * Debugger is active!]
[2024-03-18 12:37:43,289: INFO: _internal:  * Debugger PIN: 110-333-117]
[2024-03-18 12:37:48,408: INFO: _internal:  * Detected change in '/Users/emanuelfitta/Documents/learning/mlops_project/end-to-end-mlops/app.py', reloading]
[2024-03-18 12:37:48,495: INFO: _internal:  * Restarting with stat]
[2024-03-18 12:37:48,843: WARNING: _internal:  * Debugger is active!]
[2024-03-18 12:37:48,849: INFO: _internal:  * Debugger PIN: 110-333-117]
[2024-03-18 12:37:50,899: INFO: _internal:  * Detected change in '/Users/emanuelfitta/Documents/learning/mlops_project/end-to-end-mlops/app.py', reloading]
[2024-03-18 12:37:50,988: INFO: _internal:  * Restarting with stat]
[2024-03-18 12:37:51,339: WARNING: _internal:  * Debugger is active!]
[2024-03-18 12:37:51,343: INFO: _internal:  * Debugger PIN: 110-333-117]
[2024-03-18 12:37:58,489: INFO: _internal:  * Detected change in '/Users/emanuelfitta/Documents/learning/mlops_project/end-to-end-mlops/app.py', reloading]
[2024-03-18 12:37:58,567: INFO: _internal:  * Restarting with stat]
[2024-03-18 12:37:58,921: WARNING: _internal:  * Debugger is active!]
[2024-03-18 12:37:58,927: INFO: _internal:  * Debugger PIN: 110-333-117]
[2024-03-18 12:38:01,995: INFO: _internal:  * Detected change in '/Users/emanuelfitta/Documents/learning/mlops_project/end-to-end-mlops/app.py', reloading]
[2024-03-18 12:38:02,071: INFO: _internal:  * Restarting with stat]
[2024-03-18 12:38:02,438: WARNING: _internal:  * Debugger is active!]
[2024-03-18 12:38:02,451: INFO: _internal:  * Debugger PIN: 110-333-117]
[2024-03-18 12:38:11,633: INFO: _internal:  * Detected change in '/Users/emanuelfitta/Documents/learning/mlops_project/end-to-end-mlops/app.py', reloading]
[2024-03-18 12:38:11,709: INFO: _internal:  * Restarting with stat]
[2024-03-18 12:38:12,090: WARNING: _internal:  * Debugger is active!]
[2024-03-18 12:38:12,095: INFO: _internal:  * Debugger PIN: 110-333-117]
[2024-03-18 12:38:19,270: INFO: _internal:  * Detected change in '/Users/emanuelfitta/Documents/learning/mlops_project/end-to-end-mlops/app.py', reloading]
[2024-03-18 12:38:19,339: INFO: _internal:  * Restarting with stat]
[2024-03-18 12:38:19,751: WARNING: _internal:  * Debugger is active!]
[2024-03-18 12:38:19,757: INFO: _internal:  * Debugger PIN: 110-333-117]
[2024-03-18 12:38:23,906: INFO: _internal:  * Detected change in '/Users/emanuelfitta/Documents/learning/mlops_project/end-to-end-mlops/app.py', reloading]
[2024-03-18 12:38:24,009: INFO: _internal:  * Restarting with stat]
[2024-03-18 12:38:24,442: WARNING: _internal:  * Debugger is active!]
[2024-03-18 12:38:24,446: INFO: _internal:  * Debugger PIN: 110-333-117]
[2024-03-18 12:38:25,479: INFO: _internal:  * Detected change in '/Users/emanuelfitta/Documents/learning/mlops_project/end-to-end-mlops/app.py', reloading]
[2024-03-18 12:38:25,538: INFO: _internal:  * Restarting with stat]
[2024-03-18 12:38:25,882: WARNING: _internal:  * Debugger is active!]
[2024-03-18 12:38:25,887: INFO: _internal:  * Debugger PIN: 110-333-117]
[2024-03-18 12:38:32,033: INFO: _internal:  * Detected change in '/Users/emanuelfitta/Documents/learning/mlops_project/end-to-end-mlops/app.py', reloading]
[2024-03-18 12:38:32,133: INFO: _internal:  * Restarting with stat]
[2024-03-18 12:38:32,323: WARNING: _internal:  * Debugger is active!]
[2024-03-18 12:38:32,329: INFO: _internal:  * Debugger PIN: 110-333-117]
[2024-03-18 12:47:38,399: INFO: _internal: 127.0.0.1 - - [18/Mar/2024 12:47:38] "POST /predict HTTP/1.1" 200 -]
[2024-03-18 12:47:40,033: INFO: _internal: 127.0.0.1 - - [18/Mar/2024 12:47:40] "[36mGET /static/js/scripts.js HTTP/1.1[0m" 304 -]
[2024-03-18 12:47:40,034: INFO: _internal: 127.0.0.1 - - [18/Mar/2024 12:47:40] "[36mGET /static/css/styles.css HTTP/1.1[0m" 304 -]
[2024-03-18 12:47:40,126: INFO: _internal: 127.0.0.1 - - [18/Mar/2024 12:47:40] "[33mGET /static/assets/img/wine.gif HTTP/1.1[0m" 404 -]
